This is XeTeX, Version 3.141592653-2.6-0.999993 (MiKTeX 22.1) (preloaded format=xelatex 2024.1.14)  18 FEB 2024 20:53
entering extended mode
 restricted \write18 enabled.
 file:line:error style messages enabled.
 %&-line parsing enabled.
**./final.tex
(final.tex
LaTeX2e <2023-11-01>
L3 programming layer <2024-01-04>

(/Users/yuanwen/Library/Application Support/MiKTeX/texmfs/install/tex/latex/bas
e/article.cls
Document Class: article 2023/05/17 v1.4n Standard LaTeX document class

(/Users/yuanwen/Library/Application Support/MiKTeX/texmfs/install/tex/latex/bas
e/size10.clo
File: size10.clo 2023/05/17 v1.4n Standard LaTeX file (size option)
)
\c@part=\count183
\c@section=\count184
\c@subsection=\count185
\c@subsubsection=\count186
\c@paragraph=\count187
\c@subparagraph=\count188
\c@figure=\count189
\c@table=\count190
\abovecaptionskip=\skip48
\belowcaptionskip=\skip49
\bibindent=\dimen140
)
(/Users/yuanwen/Library/Application Support/MiKTeX/texmfs/install/tex/latex/ams
math/amsmath.sty
Package: amsmath 2023/05/13 v2.17o AMS math features
\@mathmargin=\skip50

For additional information on amsmath, use the `?' option.

(/Users/yuanwen/Library/Application Support/MiKTeX/texmfs/install/tex/latex/ams
math/amstext.sty
Package: amstext 2021/08/26 v2.01 AMS text

(/Users/yuanwen/Library/Application Support/MiKTeX/texmfs/install/tex/latex/ams
math/amsgen.sty
File: amsgen.sty 1999/11/30 v2.0 generic functions
\@emptytoks=\toks17
\ex@=\dimen141
))
(/Users/yuanwen/Library/Application Support/MiKTeX/texmfs/install/tex/latex/ams
math/amsbsy.sty
Package: amsbsy 1999/11/29 v1.2d Bold Symbols
\pmbraise@=\dimen142
)
(/Users/yuanwen/Library/Application Support/MiKTeX/texmfs/install/tex/latex/ams
math/amsopn.sty
Package: amsopn 2022/04/08 v2.04 operator names
)
\inf@bad=\count191
LaTeX Info: Redefining \frac on input line 234.
\uproot@=\count192
\leftroot@=\count193
LaTeX Info: Redefining \overline on input line 399.
LaTeX Info: Redefining \colon on input line 410.
\classnum@=\count194
\DOTSCASE@=\count195
LaTeX Info: Redefining \ldots on input line 496.
LaTeX Info: Redefining \dots on input line 499.
LaTeX Info: Redefining \cdots on input line 620.
\Mathstrutbox@=\box51
\strutbox@=\box52
LaTeX Info: Redefining \big on input line 722.
LaTeX Info: Redefining \Big on input line 723.
LaTeX Info: Redefining \bigg on input line 724.
LaTeX Info: Redefining \Bigg on input line 725.
\big@size=\dimen143
LaTeX Font Info:    Redeclaring font encoding OML on input line 743.
LaTeX Font Info:    Redeclaring font encoding OMS on input line 744.
\macc@depth=\count196
LaTeX Info: Redefining \bmod on input line 905.
LaTeX Info: Redefining \pmod on input line 910.
LaTeX Info: Redefining \smash on input line 940.
LaTeX Info: Redefining \relbar on input line 970.
LaTeX Info: Redefining \Relbar on input line 971.
\c@MaxMatrixCols=\count197
\dotsspace@=\muskip16
\c@parentequation=\count198
\dspbrk@lvl=\count199
\tag@help=\toks18
\row@=\count266
\column@=\count267
\maxfields@=\count268
\andhelp@=\toks19
\eqnshift@=\dimen144
\alignsep@=\dimen145
\tagshift@=\dimen146
\tagwidth@=\dimen147
\totwidth@=\dimen148
\lineht@=\dimen149
\@envbody=\toks20
\multlinegap=\skip51
\multlinetaggap=\skip52
\mathdisplay@stack=\toks21
LaTeX Info: Redefining \[ on input line 2953.
LaTeX Info: Redefining \] on input line 2954.
)
(/Users/yuanwen/Library/Application Support/MiKTeX/texmfs/install/tex/latex/ams
fonts/amssymb.sty
Package: amssymb 2013/01/14 v3.01 AMS font symbols

(/Users/yuanwen/Library/Application Support/MiKTeX/texmfs/install/tex/latex/ams
fonts/amsfonts.sty
Package: amsfonts 2013/01/14 v3.01 Basic AMSFonts support
\symAMSa=\mathgroup4
\symAMSb=\mathgroup5
LaTeX Font Info:    Redeclaring math symbol \hbar on input line 98.
LaTeX Font Info:    Overwriting math alphabet `\mathfrak' in version `bold'
(Font)                  U/euf/m/n --> U/euf/b/n on input line 106.
))
(/Users/yuanwen/Library/Application Support/MiKTeX/texmfs/install/tex/latex/gra
phics/graphicx.sty
Package: graphicx 2021/09/16 v1.2d Enhanced LaTeX Graphics (DPC,SPQR)

(/Users/yuanwen/Library/Application Support/MiKTeX/texmfs/install/tex/latex/gra
phics/keyval.sty
Package: keyval 2022/05/29 v1.15 key=value parser (DPC)
\KV@toks@=\toks22
)
(/Users/yuanwen/Library/Application Support/MiKTeX/texmfs/install/tex/latex/gra
phics/graphics.sty
Package: graphics 2022/03/10 v1.4e Standard LaTeX Graphics (DPC,SPQR)

(/Users/yuanwen/Library/Application Support/MiKTeX/texmfs/install/tex/latex/gra
phics/trig.sty
Package: trig 2021/08/11 v1.11 sin cos tan (DPC)
)
(/Users/yuanwen/Library/Application Support/MiKTeX/texmfs/install/tex/latex/gra
phics-cfg/graphics.cfg
File: graphics.cfg 2016/06/04 v1.11 sample graphics configuration
)
Package graphics Info: Driver file: xetex.def on input line 107.

(/Users/yuanwen/Library/Application Support/MiKTeX/texmfs/install/tex/latex/gra
phics-def/xetex.def
File: xetex.def 2022/09/22 v5.0n Graphics/color driver for xetex
))
\Gin@req@height=\dimen150
\Gin@req@width=\dimen151
)
(/Users/yuanwen/Library/Application Support/MiKTeX/texmfs/install/tex/latex/fon
tspec/fontspec.sty
(/Users/yuanwen/Library/Application Support/MiKTeX/texmfs/install/tex/latex/l3p
ackages/xparse/xparse.sty
(/Users/yuanwen/Library/Application Support/MiKTeX/texmfs/install/tex/latex/l3k
ernel/expl3.sty
Package: expl3 2024-01-04 L3 programming layer (loader) 

(/Users/yuanwen/Library/Application Support/MiKTeX/texmfs/install/tex/latex/l3b
ackend/l3backend-xetex.def
File: l3backend-xetex.def 2024-01-04 L3 backend support: XeTeX
\g__graphics_track_int=\count269
\l__pdf_internal_box=\box53
\g__pdf_backend_object_int=\count270
\g__pdf_backend_annotation_int=\count271
\g__pdf_backend_link_int=\count272
))
Package: xparse 2023-10-10 L3 Experimental document command parser
)
Package: fontspec 2022/01/15 v2.8a Font selection for XeLaTeX and LuaLaTeX

(/Users/yuanwen/Library/Application Support/MiKTeX/texmfs/install/tex/latex/fon
tspec/fontspec-xetex.sty
Package: fontspec-xetex 2022/01/15 v2.8a Font selection for XeLaTeX and LuaLaTe
X
\l__fontspec_script_int=\count273
\l__fontspec_language_int=\count274
\l__fontspec_strnum_int=\count275
\l__fontspec_tmp_int=\count276
\l__fontspec_tmpa_int=\count277
\l__fontspec_tmpb_int=\count278
\l__fontspec_tmpc_int=\count279
\l__fontspec_em_int=\count280
\l__fontspec_emdef_int=\count281
\l__fontspec_strong_int=\count282
\l__fontspec_strongdef_int=\count283
\l__fontspec_tmpa_dim=\dimen152
\l__fontspec_tmpb_dim=\dimen153
\l__fontspec_tmpc_dim=\dimen154

(/Users/yuanwen/Library/Application Support/MiKTeX/texmfs/install/tex/latex/bas
e/fontenc.sty
Package: fontenc 2021/04/29 v2.0v Standard LaTeX package
)
(/Users/yuanwen/Library/Application Support/MiKTeX/texmfs/install/tex/latex/fon
tspec/fontspec.cfg)))

Package fontspec Info: Could not resolve font "STSong/BI" (it probably doesn't
(fontspec)             exist).


Package fontspec Info: Could not resolve font "STSong/B" (it probably doesn't
(fontspec)             exist).


Package fontspec Info: Could not resolve font "STSong/I" (it probably doesn't
(fontspec)             exist).


Package fontspec Info: Font family 'STSong(0)' created for font 'STSong' with
(fontspec)             options [Ligatures=TeX,Mapping=tex-text].
(fontspec)              
(fontspec)              This font family consists of the following NFSS
(fontspec)             series/shapes:
(fontspec)              
(fontspec)             - 'normal' (m/n) with NFSS spec.:
(fontspec)             <->"STSong/OT:language=dflt;mapping=tex-text;"
(fontspec)             - 'small caps'  (m/sc) with NFSS spec.: 


(/Users/yuanwen/Library/Application Support/MiKTeX/texmfs/install/tex/latex/lis
tings/listings.sty
\lst@mode=\count284
\lst@gtempboxa=\box54
\lst@token=\toks23
\lst@length=\count285
\lst@currlwidth=\dimen155
\lst@column=\count286
\lst@pos=\count287
\lst@lostspace=\dimen156
\lst@width=\dimen157
\lst@newlines=\count288
\lst@lineno=\count289
\lst@maxwidth=\dimen158

(/Users/yuanwen/Library/Application Support/MiKTeX/texmfs/install/tex/latex/lis
tings/lstmisc.sty
File: lstmisc.sty 2023/02/27 1.9 (Carsten Heinz)
\c@lstnumber=\count290
\lst@skipnumbers=\count291
\lst@framebox=\box55
)
(/Users/yuanwen/Library/Application Support/MiKTeX/texmfs/install/tex/latex/lis
tings/listings.cfg
File: listings.cfg 2023/02/27 1.9 listings configuration
))
Package: listings 2023/02/27 1.9 (Carsten Heinz)

(/Users/yuanwen/Library/Application Support/MiKTeX/texmfs/install/tex/latex/hyp
erref/hyperref.sty
Package: hyperref 2023-11-26 v7.01g Hypertext links for LaTeX

(/Users/yuanwen/Library/Application Support/MiKTeX/texmfs/install/tex/generic/i
ftex/iftex.sty
Package: iftex 2022/02/03 v1.0f TeX engine tests
)
(/Users/yuanwen/Library/Application Support/MiKTeX/texmfs/install/tex/generic/i
nfwarerr/infwarerr.sty
Package: infwarerr 2019/12/03 v1.5 Providing info/warning/error messages (HO)
)
(/Users/yuanwen/Library/Application Support/MiKTeX/texmfs/install/tex/latex/kvs
etkeys/kvsetkeys.sty
Package: kvsetkeys 2022-10-05 v1.19 Key value parser (HO)
)
(/Users/yuanwen/Library/Application Support/MiKTeX/texmfs/install/tex/generic/k
vdefinekeys/kvdefinekeys.sty
Package: kvdefinekeys 2019-12-19 v1.6 Define keys (HO)
)
(/Users/yuanwen/Library/Application Support/MiKTeX/texmfs/install/tex/generic/p
dfescape/pdfescape.sty
Package: pdfescape 2019/12/09 v1.15 Implements pdfTeX's escape features (HO)

(/Users/yuanwen/Library/Application Support/MiKTeX/texmfs/install/tex/generic/l
txcmds/ltxcmds.sty
Package: ltxcmds 2023-12-04 v1.26 LaTeX kernel commands for general use (HO)
)
(/Users/yuanwen/Library/Application Support/MiKTeX/texmfs/install/tex/generic/p
dftexcmds/pdftexcmds.sty
Package: pdftexcmds 2020-06-27 v0.33 Utility functions of pdfTeX for LuaTeX (HO
)
Package pdftexcmds Info: \pdf@primitive is available.
Package pdftexcmds Info: \pdf@ifprimitive is available.
Package pdftexcmds Info: \pdfdraftmode not found.
))
(/Users/yuanwen/Library/Application Support/MiKTeX/texmfs/install/tex/latex/hyc
olor/hycolor.sty
Package: hycolor 2020-01-27 v1.10 Color options for hyperref/bookmark (HO)
)
(/Users/yuanwen/Library/Application Support/MiKTeX/texmfs/install/tex/latex/let
ltxmacro/letltxmacro.sty
Package: letltxmacro 2019/12/03 v1.6 Let assignment for LaTeX macros (HO)
)
(/Users/yuanwen/Library/Application Support/MiKTeX/texmfs/install/tex/latex/aux
hook/auxhook.sty
Package: auxhook 2019-12-17 v1.6 Hooks for auxiliary files (HO)
)
(/Users/yuanwen/Library/Application Support/MiKTeX/texmfs/install/tex/latex/hyp
erref/nameref.sty
Package: nameref 2023-11-26 v2.56 Cross-referencing by name of section

(/Users/yuanwen/Library/Application Support/MiKTeX/texmfs/install/tex/latex/ref
count/refcount.sty
Package: refcount 2019/12/15 v3.6 Data extraction from label references (HO)
)
(/Users/yuanwen/Library/Application Support/MiKTeX/texmfs/install/tex/generic/g
ettitlestring/gettitlestring.sty
Package: gettitlestring 2019/12/15 v1.6 Cleanup title references (HO)

(/Users/yuanwen/Library/Application Support/MiKTeX/texmfs/install/tex/latex/kvo
ptions/kvoptions.sty
Package: kvoptions 2022-06-15 v3.15 Key value format for package options (HO)
))
\c@section@level=\count292
)
(/Users/yuanwen/Library/Application Support/MiKTeX/texmfs/install/tex/latex/eto
olbox/etoolbox.sty
Package: etoolbox 2020/10/05 v2.5k e-TeX tools for LaTeX (JAW)
\etb@tempcnta=\count293
)
\@linkdim=\dimen159
\Hy@linkcounter=\count294
\Hy@pagecounter=\count295

(/Users/yuanwen/Library/Application Support/MiKTeX/texmfs/install/tex/latex/hyp
erref/pd1enc.def
File: pd1enc.def 2023-11-26 v7.01g Hyperref: PDFDocEncoding definition (HO)
)
(/Users/yuanwen/Library/Application Support/MiKTeX/texmfs/install/tex/generic/i
ntcalc/intcalc.sty
Package: intcalc 2019/12/15 v1.3 Expandable calculations with integers (HO)
)
\Hy@SavedSpaceFactor=\count296

(/Users/yuanwen/Library/Application Support/MiKTeX/texmfs/install/tex/latex/hyp
erref/puenc.def
File: puenc.def 2023-11-26 v7.01g Hyperref: PDF Unicode definition (HO)
)
Package hyperref Info: Hyper figures OFF on input line 4181.
Package hyperref Info: Link nesting OFF on input line 4186.
Package hyperref Info: Hyper index ON on input line 4189.
Package hyperref Info: Plain pages OFF on input line 4196.
Package hyperref Info: Backreferencing OFF on input line 4201.
Package hyperref Info: Implicit mode ON; LaTeX internals redefined.
Package hyperref Info: Bookmarks ON on input line 4448.
\c@Hy@tempcnt=\count297

(/Users/yuanwen/Library/Application Support/MiKTeX/texmfs/install/tex/latex/url
/url.sty
\Urlmuskip=\muskip17
Package: url 2013/09/16  ver 3.4  Verb mode for urls, etc.
)
LaTeX Info: Redefining \url on input line 4786.
\XeTeXLinkMargin=\dimen160

(/Users/yuanwen/Library/Application Support/MiKTeX/texmfs/install/tex/generic/b
itset/bitset.sty
Package: bitset 2019/12/09 v1.3 Handle bit-vector datatype (HO)

(/Users/yuanwen/Library/Application Support/MiKTeX/texmfs/install/tex/generic/b
igintcalc/bigintcalc.sty
Package: bigintcalc 2019/12/15 v1.5 Expandable calculations on big integers (HO
)
))
\Fld@menulength=\count298
\Field@Width=\dimen161
\Fld@charsize=\dimen162
Package hyperref Info: Hyper figures OFF on input line 6065.
Package hyperref Info: Link nesting OFF on input line 6070.
Package hyperref Info: Hyper index ON on input line 6073.
Package hyperref Info: backreferencing OFF on input line 6080.
Package hyperref Info: Link coloring OFF on input line 6085.
Package hyperref Info: Link coloring with OCG OFF on input line 6090.
Package hyperref Info: PDF/A mode OFF on input line 6095.

(/Users/yuanwen/Library/Application Support/MiKTeX/texmfs/install/tex/latex/bas
e/atbegshi-ltx.sty
Package: atbegshi-ltx 2021/01/10 v1.0c Emulation of the original atbegshi
package with kernel methods
)
\Hy@abspage=\count299
\c@Item=\count300
\c@Hfootnote=\count301
)
Package hyperref Info: Driver (autodetected): hxetex.

(/Users/yuanwen/Library/Application Support/MiKTeX/texmfs/install/tex/latex/hyp
erref/hxetex.def
File: hxetex.def 2023-11-26 v7.01g Hyperref driver for XeTeX

(/Users/yuanwen/Library/Application Support/MiKTeX/texmfs/install/tex/generic/s
tringenc/stringenc.sty
Package: stringenc 2019/11/29 v1.12 Convert strings between diff. encodings (HO
)
)
\pdfm@box=\box56
\c@Hy@AnnotLevel=\count302
\HyField@AnnotCount=\count303
\Fld@listcount=\count304
\c@bookmark@seq@number=\count305

(/Users/yuanwen/Library/Application Support/MiKTeX/texmfs/install/tex/latex/rer
unfilecheck/rerunfilecheck.sty
Package: rerunfilecheck 2022-07-10 v1.10 Rerun checks for auxiliary files (HO)

(/Users/yuanwen/Library/Application Support/MiKTeX/texmfs/install/tex/latex/bas
e/atveryend-ltx.sty
Package: atveryend-ltx 2020/08/19 v1.0a Emulation of the original atveryend pac
kage
with kernel methods
)
(/Users/yuanwen/Library/Application Support/MiKTeX/texmfs/install/tex/generic/u
niquecounter/uniquecounter.sty
Package: uniquecounter 2019/12/15 v1.4 Provide unlimited unique counter (HO)
)
Package uniquecounter Info: New unique counter `rerunfilecheck' on input line 2
85.
)
\Hy@SectionHShift=\skip53
)
Package hyperref Info: Option `colorlinks' set `true' on input line 15.
 (final.aux)
\openout1 = `final.aux'.

LaTeX Font Info:    Checking defaults for OML/cmm/m/it on input line 18.
LaTeX Font Info:    ... okay on input line 18.
LaTeX Font Info:    Checking defaults for OMS/cmsy/m/n on input line 18.
LaTeX Font Info:    ... okay on input line 18.
LaTeX Font Info:    Checking defaults for OT1/cmr/m/n on input line 18.
LaTeX Font Info:    ... okay on input line 18.
LaTeX Font Info:    Checking defaults for T1/cmr/m/n on input line 18.
LaTeX Font Info:    ... okay on input line 18.
LaTeX Font Info:    Checking defaults for TS1/cmr/m/n on input line 18.
LaTeX Font Info:    Trying to load font information for TS1+cmr on input line 1
8.

(/Users/yuanwen/Library/Application Support/MiKTeX/texmfs/install/tex/latex/bas
e/ts1cmr.fd
File: ts1cmr.fd 2023/04/13 v2.5m Standard LaTeX font definitions
)
LaTeX Font Info:    ... okay on input line 18.
LaTeX Font Info:    Checking defaults for TU/lmr/m/n on input line 18.
LaTeX Font Info:    ... okay on input line 18.
LaTeX Font Info:    Checking defaults for OMX/cmex/m/n on input line 18.
LaTeX Font Info:    ... okay on input line 18.
LaTeX Font Info:    Checking defaults for U/cmr/m/n on input line 18.
LaTeX Font Info:    ... okay on input line 18.
LaTeX Font Info:    Checking defaults for PD1/pdf/m/n on input line 18.
LaTeX Font Info:    ... okay on input line 18.
LaTeX Font Info:    Checking defaults for PU/pdf/m/n on input line 18.
LaTeX Font Info:    ... okay on input line 18.

Package fontspec Info: Adjusting the maths setup (use [no-math] to avoid
(fontspec)             this).

\symlegacymaths=\mathgroup6
LaTeX Font Info:    Overwriting symbol font `legacymaths' in version `bold'
(Font)                  OT1/cmr/m/n --> OT1/cmr/bx/n on input line 18.
LaTeX Font Info:    Redeclaring math accent \acute on input line 18.
LaTeX Font Info:    Redeclaring math accent \grave on input line 18.
LaTeX Font Info:    Redeclaring math accent \ddot on input line 18.
LaTeX Font Info:    Redeclaring math accent \tilde on input line 18.
LaTeX Font Info:    Redeclaring math accent \bar on input line 18.
LaTeX Font Info:    Redeclaring math accent \breve on input line 18.
LaTeX Font Info:    Redeclaring math accent \check on input line 18.
LaTeX Font Info:    Redeclaring math accent \hat on input line 18.
LaTeX Font Info:    Redeclaring math accent \dot on input line 18.
LaTeX Font Info:    Redeclaring math accent \mathring on input line 18.
LaTeX Font Info:    Redeclaring math symbol \Gamma on input line 18.
LaTeX Font Info:    Redeclaring math symbol \Delta on input line 18.
LaTeX Font Info:    Redeclaring math symbol \Theta on input line 18.
LaTeX Font Info:    Redeclaring math symbol \Lambda on input line 18.
LaTeX Font Info:    Redeclaring math symbol \Xi on input line 18.
LaTeX Font Info:    Redeclaring math symbol \Pi on input line 18.
LaTeX Font Info:    Redeclaring math symbol \Sigma on input line 18.
LaTeX Font Info:    Redeclaring math symbol \Upsilon on input line 18.
LaTeX Font Info:    Redeclaring math symbol \Phi on input line 18.
LaTeX Font Info:    Redeclaring math symbol \Psi on input line 18.
LaTeX Font Info:    Redeclaring math symbol \Omega on input line 18.
LaTeX Font Info:    Redeclaring math symbol \mathdollar on input line 18.
LaTeX Font Info:    Redeclaring symbol font `operators' on input line 18.
LaTeX Font Info:    Encoding `OT1' has changed to `TU' for symbol font
(Font)              `operators' in the math version `normal' on input line 18.
LaTeX Font Info:    Overwriting symbol font `operators' in version `normal'
(Font)                  OT1/cmr/m/n --> TU/STSong(0)/m/n on input line 18.
LaTeX Font Info:    Encoding `OT1' has changed to `TU' for symbol font
(Font)              `operators' in the math version `bold' on input line 18.
LaTeX Font Info:    Overwriting symbol font `operators' in version `bold'
(Font)                  OT1/cmr/bx/n --> TU/STSong(0)/m/n on input line 18.
LaTeX Font Info:    Overwriting symbol font `operators' in version `normal'
(Font)                  TU/STSong(0)/m/n --> TU/STSong(0)/m/n on input line 18.

LaTeX Font Info:    Overwriting math alphabet `\mathit' in version `normal'
(Font)                  OT1/cmr/m/it --> TU/STSong(0)/m/it on input line 18.
LaTeX Font Info:    Overwriting math alphabet `\mathbf' in version `normal'
(Font)                  OT1/cmr/bx/n --> TU/STSong(0)/b/n on input line 18.
LaTeX Font Info:    Overwriting math alphabet `\mathsf' in version `normal'
(Font)                  OT1/cmss/m/n --> TU/lmss/m/n on input line 18.
LaTeX Font Info:    Overwriting math alphabet `\mathtt' in version `normal'
(Font)                  OT1/cmtt/m/n --> TU/lmtt/m/n on input line 18.
LaTeX Font Info:    Overwriting symbol font `operators' in version `bold'
(Font)                  TU/STSong(0)/m/n --> TU/STSong(0)/b/n on input line 18.

LaTeX Font Info:    Overwriting math alphabet `\mathit' in version `bold'
(Font)                  OT1/cmr/bx/it --> TU/STSong(0)/b/it on input line 18.
LaTeX Font Info:    Overwriting math alphabet `\mathsf' in version `bold'
(Font)                  OT1/cmss/bx/n --> TU/lmss/b/n on input line 18.
LaTeX Font Info:    Overwriting math alphabet `\mathtt' in version `bold'
(Font)                  OT1/cmtt/m/n --> TU/lmtt/b/n on input line 18.
\c@lstlisting=\count306

(/Users/yuanwen/Library/Application Support/MiKTeX/texmfs/install/tex/latex/gra
phics/color.sty
Package: color 2022/01/06 v1.3d Standard LaTeX Color (DPC)

(/Users/yuanwen/Library/Application Support/MiKTeX/texmfs/install/tex/latex/gra
phics-cfg/color.cfg
File: color.cfg 2016/01/02 v1.6 sample color configuration
)
Package color Info: Driver file: xetex.def on input line 149.

(/Users/yuanwen/Library/Application Support/MiKTeX/texmfs/install/tex/latex/gra
phics/mathcolor.ltx))
Package hyperref Info: Link coloring ON on input line 18.
 (final.out) (final.out)
\@outlinefile=\write3
\openout3 = `final.out'.

LaTeX Font Info:    Trying to load font information for U+msa on input line 20.


(/Users/yuanwen/Library/Application Support/MiKTeX/texmfs/install/tex/latex/ams
fonts/umsa.fd
File: umsa.fd 2013/01/14 v3.01 AMS symbols A
)
LaTeX Font Info:    Trying to load font information for U+msb on input line 20.


(/Users/yuanwen/Library/Application Support/MiKTeX/texmfs/install/tex/latex/ams
fonts/umsb.fd
File: umsb.fd 2013/01/14 v3.01 AMS symbols B
)

LaTeX Warning: No \author given.


Underfull \hbox (badness 10000) in paragraph at lines 20--21

 []

File: image/form.png Graphic file (type bmp)
<image/form.png>

Overfull \hbox (65.6527pt too wide) detected at line 50
[]
 []

[1

]
Overfull \hbox (83.25348pt too wide) detected at line 70
[]
 []


LaTeX Font Warning: Font shape `TU/STSong(0)/b/n' undefined
(Font)              using `TU/STSong(0)/m/n' instead on input line 90.

[2]
File: image/updownclass.png Graphic file (type bmp)
<image/updownclass.png>
File: image/updownpdf.png Graphic file (type bmp)
<image/updownpdf.png>

Overfull \hbox (31.23811pt too wide) in paragraph at lines 150--163
\TU/STSong(0)/b/n/10 1) 每一轮开始时, 如果是最上层循环, 以上一轮得到的$\OML/cmm/m/it/10 x[]$\TU/STSo
ng(0)/b/n/10 作为初始值, 否则用0作为初始值
 []


Underfull \hbox (badness 10000) in paragraph at lines 150--163

 []

[3]
Overfull \hbox (9.2667pt too wide) in paragraph at lines 164--167
\TU/STSong(0)/b/n/10 为了加快速度, 采用作业pdf上的限制提升算子, 如果想测试课上讲的限制提升算子,
 []


Underfull \hbox (badness 10000) in paragraph at lines 164--167

 []

[4]
File: image/DGS.jpg Graphic file (type bmp)
<image/DGS.jpg>

Overfull \hbox (79.60004pt too wide) in paragraph at lines 168--227
\TU/STSong(0)/b/n/10 咨询助教后, 助教说L可以取很大, 猜测是我写的方程的问题, 我直接采用stokes数值形式写数值方程,
 []


Overfull \hbox (119.87933pt too wide) in paragraph at lines 168--227
\TU/STSong(0)/b/n/10 但还可以消除分母, 也就是将stokes压力梯度的方程乘$\OML/cmm/m/it/10 h[]$\TU/STSo
ng(0)/b/n/10 , 速度散度的方程乘$\OML/cmm/m/it/10 h$\TU/STSong(0)/b/n/10 , 我的做法可能对方程产生影响
,
 []

[5]
Underfull \hbox (badness 10000) in paragraph at lines 229--234

 []


Overfull \hbox (56.36073pt too wide) in paragraph at lines 238--243
$\OML/cmm/m/it/10 ^^K$\TU/STSong(0)/b/n/10 选取需要做特征值的计算, 所以我写了基本的计算最大特征值的函数, 但发现
最大特征值为1,
 []


Overfull \hbox (31.07669pt too wide) in paragraph at lines 238--243
\TU/STSong(0)/b/n/10 为了加快速度, 经过数值实验过后(输出每一步迭代后的误差), 发现刚开始误差减少飞快,
 []

[6]
Underfull \hbox (badness 10000) in paragraph at lines 245--248

 []

File: image/UIM.jpg Graphic file (type bmp)
<image/UIM.jpg>

Underfull \hbox (badness 10000) in paragraph at lines 263--269

 []

[7]
Overfull \hbox (49.89005pt too wide) in paragraph at lines 280--283
\TU/STSong(0)/b/n/10 注意Vcycle作为预条件子, 其实求解的就是原先方程, 为了保证速度, 或者Vcycle预条件子求解
 []


Underfull \hbox (badness 10000) in paragraph at lines 280--283

 []


Underfull \hbox (badness 10000) in paragraph at lines 286--288

 []

File: image/IUIM.jpg Graphic file (type bmp)
<image/IUIM.jpg>

Overfull \hbox (68.78757pt too wide) in paragraph at lines 289--345
\TU/STSong(0)/b/n/10 其中$\OML/cmm/m/it/10 N \OT1/cmr/m/n/10 = 2048$\TU/STSong(0)
/b/n/10 无法收敛, 可以看出虽然$\OML/cmm/m/it/10 ^^W[]$\TU/STSong(0)/b/n/10 增大, 且效率误差影响都很小
， 但对收敛性有一定影响,
 []


Overfull \hbox (2.6035pt too wide) in paragraph at lines 289--345
\TU/STSong(0)/b/n/10 说明$\OML/cmm/m/it/10 ^^\$\TU/STSong(0)/b/n/10 取的不够小, 或者Vcyc
le预条件子求解时 的不够精确导致共轭梯度没法收敛 
 []

[8] [9] [10] (final.aux)
 ***********
LaTeX2e <2023-11-01>
L3 programming layer <2024-01-04>
 ***********


LaTeX Font Warning: Some font shapes were not available, defaults substituted.

Package rerunfilecheck Info: File `final.out' has not changed.
(rerunfilecheck)             Checksum: 706BA73CBD8F77E5C4A8E6960FD2B870;1700.
 ) 
Here is how much of TeX's memory you used:
 13086 strings out of 409618
 247574 string characters out of 5769956
 1947174 words of memory out of 5000000
 35033 multiletter control sequences out of 15000+600000
 564885 words of font info for 77 fonts, out of 8000000 for 9000
 1348 hyphenation exceptions out of 8191
 79i,10n,93p,287b,338s stack positions out of 10000i,1000n,20000p,200000b,200000s

Output written on final.pdf (10 pages).
